BLEU
{
 "name": "BLEU",
 "score": 42.6868,
 "signature": "nrefs:1|case:mixed|eff:no|tok:13a|smooth:exp|version:2.0.0",
 "verbose_score": "72.8/53.2/41.0/32.8 (BP = 0.894 ratio = 0.899 hyp_len = 127215 ref_len = 141533)",
 "nrefs": "1",
 "case": "mixed",
 "eff": "no",
 "tok": "13a",
 "smooth": "exp",
 "version": "2.0.0"
}

ROUGE
{
  "rouge-1": {
    "f": 0.6144249679310403
  },
  "rouge-2": {
    "f": 0.3993329929568457
  },
  "rouge-l": {
    "f": 0.5717572237690052
  }
}

METEOR
Test words:             109710
Reference words:        121829
Chunks:                 24717
Precision:              0.7377094063216703
Recall:                 0.6541791342509475
f1:                     0.6934378532317729
fMean:                  0.6654819358728173
Fragmentation penalty:  0.4727724943451766

Final score:            0.35086038110856865

BERTSCORE
roberta-large-mnli_L19_no-idf_version=0.3.11(hug_trans=4.15.0)_fast-tokenizer P: 0.892415 R: 0.857547 F1: 0.874302

