BLEU
{
 "name": "BLEU",
 "score": 43.5482,
 "signature": "nrefs:1|case:mixed|eff:no|tok:13a|smooth:exp|version:2.0.0",
 "verbose_score": "72.9/53.6/41.6/33.6 (BP = 0.901 ratio = 0.905 hyp_len = 128126 ref_len = 141533)",
 "nrefs": "1",
 "case": "mixed",
 "eff": "no",
 "tok": "13a",
 "smooth": "exp",
 "version": "2.0.0"
}

ROUGE
{
  "rouge-1": {
    "f": 0.6181326118199161
  },
  "rouge-2": {
    "f": 0.40515343235072193
  },
  "rouge-l": {
    "f": 0.5761865876678541
  }
}

METEOR
Test words:             110607
Reference words:        121829
Chunks:                 24366
Precision:              0.7381551370926835
Recall:                 0.660380554418162
f1:                     0.6971052675148699
fMean:                  0.6709851524746193
Fragmentation penalty:  0.470642695464627

Final score:            0.35519089169722073

BERTSCORE
roberta-large-mnli_L19_no-idf_version=0.3.11(hug_trans=4.15.0)_fast-tokenizer P: 0.893703 R: 0.859428 F1: 0.875903

