BLEU
{
 "name": "BLEU",
 "score": 43.263,
 "signature": "nrefs:1|case:mixed|eff:no|tok:13a|smooth:exp|version:2.0.0",
 "verbose_score": "71.9/52.4/40.4/32.4 (BP = 0.918 ratio = 0.921 hyp_len = 130384 ref_len = 141533)",
 "nrefs": "1",
 "case": "mixed",
 "eff": "no",
 "tok": "13a",
 "smooth": "exp",
 "version": "2.0.0"
}

ROUGE
{
  "rouge-1": {
    "f": 0.6134497143349176
  },
  "rouge-2": {
    "f": 0.39790634465693475
  },
  "rouge-l": {
    "f": 0.5697522983810821
  }
}

METEOR
Test words:             111970
Reference words:        121829
Chunks:                 24960
Precision:              0.7295488453050694
Recall:                 0.6608173135811801
f1:                     0.6934842379462575
fMean:                  0.6702896125364984
Fragmentation penalty:  0.4728128017622887

Final score:            0.3533681028409577

BERTSCORE
roberta-large-mnli_L19_no-idf_version=0.3.11(hug_trans=4.15.0)_fast-tokenizer P: 0.890407 R: 0.859018 F1: 0.874108

