BLEU
{
 "name": "BLEU",
 "score": 43.1528,
 "signature": "nrefs:1|case:mixed|eff:no|tok:13a|smooth:exp|version:2.0.0",
 "verbose_score": "72.1/52.4/40.5/32.5 (BP = 0.914 ratio = 0.917 hyp_len = 129697 ref_len = 141376)",
 "nrefs": "1",
 "case": "mixed",
 "eff": "no",
 "tok": "13a",
 "smooth": "exp",
 "version": "2.0.0"
}

ROUGE
{
  "rouge-1": {
    "f": 0.612098261476093
  },
  "rouge-2": {
    "f": 0.3971133092381943
  },
  "rouge-l": {
    "f": 0.5695754783327943
  }
}

METEOR
Test words:             111841
Reference words:        121679
Chunks:                 24834
Precision:              0.7287391522321239
Recall:                 0.6602904440746257
f1:                     0.6928282877791943
fMean:                  0.6697263102446234
Fragmentation penalty:  0.4724898888341674

Final score:            0.35328740036782413

