BLEU
{
 "name": "BLEU",
 "score": 43.3582,
 "signature": "nrefs:1|case:mixed|eff:no|tok:13a|smooth:exp|version:2.0.0",
 "verbose_score": "73.2/53.8/41.7/33.5 (BP = 0.895 ratio = 0.900 hyp_len = 127450 ref_len = 141533)",
 "nrefs": "1",
 "case": "mixed",
 "eff": "no",
 "tok": "13a",
 "smooth": "exp",
 "version": "2.0.0"
}

ROUGE
{
  "rouge-1": {
    "f": 0.618466167826199
  },
  "rouge-2": {
    "f": 0.4049386916469258
  },
  "rouge-l": {
    "f": 0.5754168013803633
  }
}

METEOR
Test words:             109967
Reference words:        121829
Chunks:                 24459
Precision:              0.7416189477433268
Recall:                 0.6595721300058444
f1:                     0.698193410996473
fMean:                  0.6707023047241261
Fragmentation penalty:  0.47117209120940834

Final score:            0.3546860972282897

BERTSCORE
roberta-large-mnli_L19_no-idf_version=0.3.11(hug_trans=4.15.0)_fast-tokenizer P: 0.893872 R: 0.859400 F1: 0.875975

