BLEU
{
 "name": "BLEU",
 "score": 38.3918,
 "signature": "nrefs:1|case:mixed|eff:no|tok:13a|smooth:exp|version:2.0.0",
 "verbose_score": "69.9/48.6/35.9/27.4 (BP = 0.899 ratio = 0.903 hyp_len = 127731 ref_len = 141376)",
 "nrefs": "1",
 "case": "mixed",
 "eff": "no",
 "tok": "13a",
 "smooth": "exp",
 "version": "2.0.0"
}

ROUGE
{
  "rouge-1": {
    "f": 0.586247723901123
  },
  "rouge-2": {
    "f": 0.36393590204520443
  },
  "rouge-l": {
    "f": 0.5413714015654593
  }
}

METEOR
Test words:             109879
Reference words:        121679
Chunks:                 26272
Precision:              0.7094447043207434
Recall:                 0.6254693877551021
f1:                     0.6648157323256171
fMean:                  0.6367754313630675
Fragmentation penalty:  0.482148224400246

Final score:            0.3297552877896638

BERTSCORE
roberta-large-mnli_L19_no-idf_version=0.3.11(hug_trans=4.15.0)_fast-tokenizer P: 0.880789 R: 0.845988 F1: 0.862706

